c:\71\hermes\hermes\debug\hermes.pch
c:\71\hermes\hermes\debug\vc141.pdb
c:\71\hermes\hermes\debug\vc141.idb
c:\71\hermes\hermes\debug\stdafx.obj
c:\71\hermes\hermes\debug\viewtree.obj
c:\71\hermes\hermes\debug\propertieswnd.obj
c:\71\hermes\hermes\debug\outputwnd.obj
c:\71\hermes\hermes\debug\mainfrm.obj
c:\71\hermes\hermes\debug\maildetailview.obj
c:\71\hermes\hermes\debug\hermesview.obj
c:\71\hermes\hermes\debug\hermessettings.obj
c:\71\hermes\hermes\debug\hermesdoc.obj
c:\71\hermes\hermes\debug\hermes.obj
c:\71\hermes\hermes\debug\fileview.obj
c:\71\hermes\hermes\debug\cntritem.obj
c:\71\hermes\hermes\debug\childfrm.obj
c:\71\hermes\debug\hermes.exe
c:\71\hermes\debug\hermes.ilk
c:\71\hermes\debug\hermes.pdb
c:\71\hermes\hermes\debug\hermes.tlb
c:\71\hermes\hermes\hermes_i.c
c:\71\hermes\hermes\hermes_h.h
c:\71\hermes\hermes\debug\hermes.res
c:\71\hermes\hermes\debug\hermes.tlog\cl.command.1.tlog
c:\71\hermes\hermes\debug\hermes.tlog\cl.read.1.tlog
c:\71\hermes\hermes\debug\hermes.tlog\cl.write.1.tlog
c:\71\hermes\hermes\debug\hermes.tlog\link.command.1.tlog
c:\71\hermes\hermes\debug\hermes.tlog\link.read.1.tlog
c:\71\hermes\hermes\debug\hermes.tlog\link.write.1.tlog
c:\71\hermes\hermes\debug\hermes.tlog\midl.command.1.tlog
c:\71\hermes\hermes\debug\hermes.tlog\midl.read.1.tlog
c:\71\hermes\hermes\debug\hermes.tlog\midl.write.1.tlog
c:\71\hermes\hermes\debug\hermes.tlog\rc.command.1.tlog
c:\71\hermes\hermes\debug\hermes.tlog\rc.read.1.tlog
c:\71\hermes\hermes\debug\hermes.tlog\rc.write.1.tlog
